2025-10-08 11:22:49 - Request: {"brand_name":"sa","model":"sac","quantity_available":"20","purchase_date":"2025-10-09","serial_no":"sa","su_no":"scsa","remarks":"caca"}
2025-10-08 11:22:58 - Request: {"brand_name":"sa","model":"sac","quantity_available":"20","purchase_date":"2025-10-09","serial_no":"sa","su_no":"scsa","remarks":"caca"}
2025-10-08 11:24:18 - Request: {"brand_name":"sa","model":"sac","quantity_available":"20","purchase_date":"2025-10-09","serial_no":"sa","su_no":"scsa","remarks":"caca"}
2025-10-08 11:24:20 - Request: 
2025-10-08 11:26:59 - Request: {"brand_name":"ADS","model":"DSADS","quantity_available":"15","purchase_date":"2025-10-14","serial_no":"QWDQWD","su_no":"WSQDQW","remarks":"DQWQWD"}
2025-10-08 11:27:01 - Request: 
2025-10-08 11:27:56 - Request: {"brand_name":"scsac","model":"sacc","quantity_available":"102","purchase_date":"2025-10-06","serial_no":"sacas","su_no":"casc","remarks":"ascascas"}
2025-10-08 11:27:57 - Request: 
2025-10-08 11:28:08 - Request: {"brand_name":"wdw","model":"SAXass","quantity_available":"12","purchase_date":"2025-10-07","serial_no":"AXas","su_no":"xsAXAs","remarks":"xAXas"}
2025-10-08 11:28:10 - Request: 
2025-10-08 11:30:09 - Request: {"brand_name":"SSA","model":"CASC","quantity_available":"15","purchase_date":"2025-10-14","serial_no":"ASCAS","su_no":"CASCAS","remarks":"CASCA"}
2025-10-08 11:30:11 - Request: 
2025-10-08 11:33:48 - Request: 
2025-10-08 11:33:48 - Request: 
2025-10-08 11:33:50 - Request: 
2025-10-08 11:34:02 - Request: 
2025-10-08 11:34:04 - Request: 
2025-10-08 11:34:08 - Request: 
2025-10-08 11:34:09 - Request: 
2025-10-08 11:34:21 - Request: 
2025-10-08 11:34:22 - Request: 
2025-10-08 11:38:18 - Request: 
2025-10-08 11:38:19 - Request: 
2025-10-08 11:38:20 - Request: 
2025-10-08 11:38:30 - Request: 
2025-10-08 11:38:30 - Request: 
2025-10-08 11:38:31 - Request: 
2025-10-08 11:39:04 - Request: 
2025-10-08 11:39:23 - Request: {"brand_name":"3rw","model":"wdwe","quantity_available":"15","purchase_date":"2025-10-06","serial_no":"wsadsa","su_no":"dasdas","remark":"sadasfasf"}
2025-10-08 11:39:24 - Request: 
2025-10-08 11:39:27 - Request: 
2025-10-08 11:39:32 - Request: {"brand_name":"3rwqq","model":"dwd","quantity_available":"15","purchase_date":"2025-10-06","serial_no":"wsadsa","su_no":"dasdas","remark":""}
2025-10-08 11:39:35 - Request: 
2025-10-08 11:39:42 - Request: 
2025-10-08 11:39:43 - Request: 
2025-10-08 11:39:55 - Request: 
2025-10-08 11:39:57 - Request: 
2025-10-08 11:39:58 - Request: 
2025-10-08 11:40:03 - Request: {"brand_name":"scsac","model":"sacc","quantity_available":"102","purchase_date":"2025-10-06","serial_no":"sacas","su_no":"casc","remark":""}
2025-10-08 11:40:05 - Request: 
2025-10-08 11:40:10 - Request: 
2025-10-08 11:40:49 - Request: 
2025-10-08 11:40:49 - Request: 
2025-10-08 11:40:50 - Request: 
2025-10-08 11:40:56 - Request: 
2025-10-08 11:40:57 - Request: 
2025-10-08 11:40:59 - Request: {"brand_name":"scsac","model":"sacc","quantity_available":"102","purchase_date":"2025-10-06","serial_no":"sacas","su_no":"casc","remark":"ASDAsd"}
2025-10-08 11:41:00 - Request: 
2025-10-08 11:41:46 - Request: 
2025-10-08 11:41:46 - Request: 
2025-10-08 11:41:48 - Request: 
2025-10-08 11:47:21 - Request: 
2025-10-08 11:47:21 - Request: 
2025-10-08 11:47:23 - Request: 
2025-10-08 11:47:25 - Request: 
2025-10-08 11:47:33 - Request: {"brand_name":"scsacx vxzv z","model":"sacc","quantity_available":"102","purchase_date":"2025-10-06","serial_no":"sacas","su_no":"casc","remark":""}
2025-10-08 11:47:35 - Request: 
2025-10-08 11:47:53 - Request: {"brand_name":"scd","model":"scsc","quantity_available":"20","purchase_date":"2025-10-06","serial_no":"sc","su_no":"sacascas","remark":"cacasca"}
2025-10-08 11:47:54 - Request: 
2025-10-08 11:47:55 - Request: 
2025-10-08 11:47:59 - Request: {"brand_name":"scdsc","model":"scsc","quantity_available":"20","purchase_date":"2025-10-06","serial_no":"sc","su_no":"sacascas","remark":""}
2025-10-08 11:48:00 - Request: 
2025-10-08 11:49:41 - Request: 
2025-10-08 11:49:41 - Request: 
2025-10-08 11:49:42 - Request: 
2025-10-08 11:49:45 - Request: 
2025-10-08 11:50:02 - Request: 
2025-10-08 11:50:02 - Request: 
2025-10-08 11:50:03 - Request: 
2025-10-08 11:50:11 - Request: {"brand_name":"scsa","model":"casc","quantity_available":"15","purchase_date":"2025-10-15","serial_no":"ascas","su_no":"casca","remark":"scasc"}
2025-10-08 11:50:12 - Request: 
2025-10-08 11:50:16 - Request: 
2025-10-08 11:50:20 - Request: {"brand_name":"scsa","model":"casc","quantity_available":"15","purchase_date":"2025-10-15","serial_no":"ascas","su_no":"casca","remark":"scas"}
2025-10-08 11:50:23 - Request: 
2025-10-08 11:50:30 - Request: 
2025-10-08 11:50:31 - Request: 
2025-10-08 11:50:33 - Request: 
2025-10-08 11:50:34 - Request: 
2025-10-08 11:50:36 - Request: 
2025-10-08 11:50:38 - Request: 
2025-10-08 11:50:39 - Request: 
2025-10-08 11:50:40 - Request: 
2025-10-08 11:50:42 - Request: 
2025-10-08 11:50:42 - Request: 
2025-10-08 11:50:45 - Request: 
2025-10-08 11:50:46 - Request: 
2025-10-08 11:50:47 - Request: 
2025-10-08 11:50:48 - Request: 
2025-10-08 11:50:50 - Request: 
2025-10-08 11:50:51 - Request: 
2025-10-08 11:50:54 - Request: 
2025-10-08 11:50:55 - Request: 
2025-10-08 11:50:59 - Request: 
2025-10-08 11:51:00 - Request: 
2025-10-08 11:51:02 - Request: 
2025-10-08 11:51:03 - Request: 
2025-10-08 11:51:33 - Request: 
2025-10-08 11:51:33 - Request: 
2025-10-08 11:51:35 - Request: 
2025-10-08 11:51:38 - Request: 
2025-10-08 11:52:00 - Request: 
2025-10-08 11:52:00 - Request: 
2025-10-08 11:52:02 - Request: 
2025-10-08 11:52:04 - Request: 
2025-10-08 11:52:22 - Request: {"brand_name":"Logitech","model":"M185","quantity_available":"10","purchase_date":"2024-09-10","serial_no":"SN12345","su_no":"SU001","remark":"Wireless mouse for office use scsdc"}
2025-10-08 11:52:24 - Request: 
2025-10-08 12:19:04 - Request: 
2025-10-08 12:19:04 - Request: 
2025-10-08 12:19:05 - Request: 
2025-10-08 12:19:10 - Request: 
2025-10-08 12:19:21 - Request: {"brand_name":"Logitech","model":"M185","quantity_available":"10","purchase_date":"2024-09-10","serial_no":"SN12345","su_no":"SU001","remark":"Wireless mouse for office use scsdc sdsds"}
2025-10-08 12:19:23 - Request: 
2025-10-08 12:19:28 - Request: 
2025-10-08 12:19:29 - Request: 
2025-10-08 12:19:30 - Request: 
2025-10-08 12:19:31 - Request: 
2025-10-08 12:20:18 - Request: 
2025-10-08 12:20:28 - Request: 
2025-10-08 12:25:11 - Request: 
2025-10-08 12:25:24 - Request: 
2025-10-08 12:25:30 - Request: {"brand_name":"Logitech gcgc","model":"M185","quantity_available":"10","purchase_date":"2024-09-10","serial_no":"SN12345","su_no":"SU001","remark":"Wireless mouse for office use"}
2025-10-08 12:25:32 - Request: 
2025-10-08 19:13:55 - Request: 
2025-10-08 19:13:55 - Request: 
2025-10-08 19:14:01 - Request: 
2025-10-08 19:14:19 - Request: {"brand_name":"sf","model":"sdvcddd","quantity_available":"120","purchase_date":"2025-10-07","serial_no":"dvdv","su_no":"vdvdv","remark":"dvsdvdv"}
2025-10-08 19:14:20 - Request: 
2025-10-08 19:14:34 - Request: 
2025-10-08 19:14:40 - Request: {"brand_name":"sf","model":"sdvcddd","quantity_available":"120","purchase_date":"2025-10-07","serial_no":"dvdv wdewdew","su_no":"vdvdv","remark":"dvsdvdv"}
2025-10-08 19:14:41 - Request: 
2025-10-09 10:30:47 - Request: 
2025-10-09 10:30:47 - Request: 
2025-10-09 10:30:49 - Request: 
2025-10-09 11:08:58 - Request: 
2025-10-09 11:08:58 - Request: 
2025-10-09 11:09:04 - Request: 
2025-10-09 11:09:04 - Request: 
2025-10-09 11:09:06 - Request: 
2025-10-09 11:20:43 - Request: 
2025-10-09 11:20:43 - Request: 
2025-10-09 11:20:48 - Request: 
2025-10-09 11:20:48 - Request: 
2025-10-09 11:20:57 - Request: 
2025-10-09 11:20:57 - Request: 
2025-10-09 11:22:57 - Request: 
2025-10-09 11:22:57 - Request: 
2025-10-09 11:23:30 - Request: 
2025-10-09 11:23:30 - Request: 
2025-10-09 11:23:45 - Request: 
2025-10-09 11:24:10 - Request: 
2025-10-09 11:24:10 - Request: 
2025-10-09 11:24:46 - Request: 
2025-10-09 11:24:46 - Request: 
2025-10-09 11:24:46 - Request: 
2025-10-09 11:24:46 - Request: 
2025-10-09 11:24:49 - Request: 
2025-10-09 11:24:49 - Request: 
2025-10-09 11:27:07 - Request: 
2025-10-09 11:27:07 - Request: 
2025-10-09 11:27:18 - Request: 
2025-10-09 11:27:18 - Request: 
2025-10-09 11:31:16 - Request: 
2025-10-09 11:31:16 - Request: 
2025-10-09 11:31:19 - Request: 
2025-10-09 11:32:05 - Request: 
2025-10-09 11:32:05 - Request: 
2025-10-09 11:32:50 - Request: 
2025-10-09 11:32:50 - Request: 
2025-10-09 11:33:50 - Request: 
2025-10-09 11:33:50 - Request: 
2025-10-09 11:34:09 - Request: 
2025-10-09 11:34:09 - Request: 
2025-10-09 11:42:22 - Request: 
2025-10-09 11:44:41 - Request: 
2025-10-09 11:44:41 - Request: 
2025-10-09 11:44:43 - Request: 
2025-10-09 11:44:50 - Request: 
2025-10-09 11:44:50 - Request: 
2025-10-09 11:45:40 - Request: 
2025-10-09 11:45:40 - Request: 
2025-10-09 11:46:16 - Request: 
2025-10-09 11:46:16 - Request: 
2025-10-09 11:46:39 - Request: 
2025-10-09 11:46:39 - Request: 
2025-10-09 11:46:43 - Request: 
2025-10-09 11:46:56 - Request: 
2025-10-09 11:46:59 - Request: {"brand_name":"sf","model":"sdvcddd","quantity_available":"120","purchase_date":"2025-10-07","serial_no":"dvdv wdewdew","su_no":"vdvdv","remark":"dvsdvdv sd"}
2025-10-09 11:47:00 - Request: 
2025-10-09 11:47:20 - Request: 
2025-10-09 11:47:20 - Request: 
2025-10-09 11:47:49 - Request: 
2025-10-09 11:47:49 - Request: 
2025-10-09 11:47:51 - Request: 
2025-10-09 11:54:17 - Request: 
2025-10-09 11:54:17 - Request: 
2025-10-09 11:54:36 - Request: 
2025-10-09 11:54:36 - Request: 
2025-10-09 11:56:50 - Request: 
2025-10-09 11:56:50 - Request: 
2025-10-09 11:57:43 - Request: 
2025-10-09 11:57:43 - Request: 
2025-10-09 11:58:40 - Request: 
2025-10-09 11:58:53 - Request: 
2025-10-09 12:00:01 - Request: 
2025-10-09 12:00:01 - Request: 
2025-10-09 12:00:25 - Request: 
2025-10-09 12:04:02 - Request: 
2025-10-09 12:04:02 - Request: 
2025-10-09 12:04:03 - Request: 
2025-10-09 12:04:05 - Request: 
2025-10-09 12:04:06 - Request: 
2025-10-09 12:04:07 - Request: 
2025-10-09 12:04:07 - Request: 
2025-10-09 12:04:08 - Request: 
2025-10-09 12:04:08 - Request: 
2025-10-09 12:04:14 - Request: 
2025-10-09 12:04:15 - Request: 
2025-10-09 12:04:15 - Request: 
2025-10-09 12:06:02 - Request: 
2025-10-09 12:06:02 - Request: 
2025-10-09 12:06:04 - Request: 
2025-10-09 12:06:07 - Request: 
2025-10-09 12:06:11 - Request: 
2025-10-09 12:06:12 - Request: 
2025-10-09 12:06:15 - Request: 
2025-10-09 12:06:16 - Request: 
2025-10-09 12:06:17 - Request: 
2025-10-09 12:07:33 - Request: 
2025-10-09 12:07:33 - Request: 
2025-10-09 12:07:34 - Request: 
2025-10-09 12:07:36 - Request: 
2025-10-09 12:07:44 - Request: 
2025-10-09 12:07:44 - Request: 
2025-10-09 12:07:48 - Request: 
2025-10-09 12:07:52 - Request: 
2025-10-09 12:07:54 - Request: 
2025-10-09 12:07:54 - Request: 
2025-10-09 12:10:35 - Request: 
2025-10-09 12:10:35 - Request: 
2025-10-09 12:10:37 - Request: 
2025-10-09 12:10:39 - Request: 
2025-10-09 12:10:43 - Request: 
2025-10-09 12:10:43 - Request: 
2025-10-09 12:11:42 - Request: 
2025-10-09 12:11:44 - Request: 
2025-10-09 12:11:48 - Request: 
2025-10-09 12:11:48 - Request: 
2025-10-09 12:11:51 - Request: 
2025-10-09 12:11:53 - Request: 
2025-10-09 12:13:36 - Request: 
2025-10-09 12:13:36 - Request: 
2025-10-09 12:13:38 - Request: 
2025-10-09 12:13:40 - Request: 
2025-10-09 12:13:45 - Request: 
2025-10-09 12:13:45 - Request: 
2025-10-09 12:13:48 - Request: 
2025-10-09 12:13:52 - Request: 
2025-10-09 12:13:54 - Request: 
2025-10-09 12:13:54 - Request: 
2025-10-09 12:13:57 - Request: 
2025-10-09 12:16:04 - Request: 
2025-10-09 12:16:04 - Request: 
2025-10-09 12:16:05 - Request: 
2025-10-09 12:16:07 - Request: 
2025-10-09 12:16:10 - Request: {"brand_name":"sf","model":"sdvcddd","quantity_available":"120","purchase_date":"2025-10-07","serial_no":"dvdv","su_no":"vdvdv","remark":"dvsdvdv adc "}
2025-10-09 12:16:10 - Request: {"brand_name":"sf","model":"sdvcddd","quantity_available":"120","purchase_date":"2025-10-07","serial_no":"dvdv","su_no":"vdvdv","remark":"dvsdvdv adc "}
2025-10-09 12:17:45 - Request: 
2025-10-09 12:17:45 - Request: 
2025-10-09 12:17:48 - Request: 
2025-10-09 12:17:51 - Request: 
2025-10-09 12:17:54 - Request: {"brand_name":"sf","model":"sdvcddd","quantity_available":"120","purchase_date":"2025-10-07","serial_no":"dvdv","su_no":"vdvdv","remark":"dvsdvdv scwdcdc"}
2025-10-09 12:17:54 - Request: {"brand_name":"sf","model":"sdvcddd","quantity_available":"120","purchase_date":"2025-10-07","serial_no":"dvdv","su_no":"vdvdv","remark":"dvsdvdv scwdcdc"}
2025-10-09 12:18:27 - Request: 
2025-10-09 12:18:27 - Request: 
2025-10-09 12:18:29 - Request: 
2025-10-09 12:18:31 - Request: 
2025-10-09 12:18:36 - Request: {"brand_name":"sf","model":"sdvcddd","quantity_available":"120","purchase_date":"2025-10-07","serial_no":"dvdv","su_no":"vdvdv","remark":"dvsdvdv d\n"}
2025-10-09 12:19:36 - Request: 
2025-10-09 12:19:36 - Request: 
2025-10-09 12:19:37 - Request: 
2025-10-09 12:19:40 - Request: 
2025-10-09 12:19:44 - Request: {"brand_name":"sf","model":"sdvcddd","quantity_available":"12012","purchase_date":"2025-10-07","serial_no":"dvdv","su_no":"vdvdv","remark":"dvsdvdv"}
2025-10-09 12:19:44 - Request: {"brand_name":"sf","model":"sdvcddd","quantity_available":"12012","purchase_date":"2025-10-07","serial_no":"dvdv","su_no":"vdvdv","remark":"dvsdvdv"}
2025-10-09 12:19:52 - Request: {"brand_name":"sf","model":"sdvcddd","quantity_available":"12012","purchase_date":"2025-10-07","serial_no":"dvdv","su_no":"vdvdv","remark":"dvsdvdv"}
2025-10-09 12:20:56 - Request: 
2025-10-09 12:21:02 - Request: {"brand_name":"sf","model":"sdvcddd","quantity_available":"120","purchase_date":"2025-10-07","serial_no":"dvdv","su_no":"vdvdv","remark":"dvsdvdv xv"}
2025-10-09 12:21:02 - Request: {"brand_name":"sf","model":"sdvcddd","quantity_available":"120","purchase_date":"2025-10-07","serial_no":"dvdv","su_no":"vdvdv","remark":"dvsdvdv xv"}
2025-10-09 12:21:07 - Request: 
2025-10-09 12:21:07 - Request: 
2025-10-09 12:21:14 - Request: 
2025-10-09 12:21:16 - Request: {"brand_name":"sf","model":"sdvcddd","quantity_available":"120","purchase_date":"2025-10-07","serial_no":"dvdv","su_no":"vdvdv","remark":"dvsdvdv xvsdc"}
2025-10-09 12:21:16 - Request: {"brand_name":"sf","model":"sdvcddd","quantity_available":"120","purchase_date":"2025-10-07","serial_no":"dvdv","su_no":"vdvdv","remark":"dvsdvdv xvsdc"}
2025-10-09 12:21:19 - Request: 
2025-10-09 12:21:19 - Request: 
2025-10-09 12:22:50 - Request: 
2025-10-09 12:22:54 - Request: {"brand_name":"sfwsd","model":"sdvcddd","quantity_available":"120","purchase_date":"2025-10-07","serial_no":"dvdv","su_no":"vdvdv","remark":"dvsdvdv xvsdc"}
2025-10-09 12:22:54 - Request: {"brand_name":"sfwsd","model":"sdvcddd","quantity_available":"120","purchase_date":"2025-10-07","serial_no":"dvdv","su_no":"vdvdv","remark":"dvsdvdv xvsdc"}
2025-10-09 12:22:57 - Request: 
2025-10-09 12:22:57 - Request: 
2025-10-09 12:24:40 - Request: 
2025-10-09 12:24:43 - Request: {"brand_name":"sfwsd","model":"sdvcddd","quantity_available":"120","purchase_date":"2025-10-07","serial_no":"dvdvdc","su_no":"vdvdv","remark":"dvsdvdv xvsdc"}
2025-10-09 12:24:43 - Request: {"brand_name":"sfwsd","model":"sdvcddd","quantity_available":"120","purchase_date":"2025-10-07","serial_no":"dvdvdc","su_no":"vdvdv","remark":"dvsdvdv xvsdc"}
2025-10-09 12:24:48 - Request: 
2025-10-09 12:24:48 - Request: 
2025-10-09 12:24:53 - Request: 
2025-10-09 12:25:01 - Request: {"brand_name":"sfwsd","model":"sdvcddd","quantity_available":"120","purchase_date":"2025-10-07","serial_no":"dvdvdc","su_no":"vdvdv","remark":"dvs"}
2025-10-09 12:25:01 - Request: {"brand_name":"sfwsd","model":"sdvcddd","quantity_available":"120","purchase_date":"2025-10-07","serial_no":"dvdvdc","su_no":"vdvdv","remark":"dvs"}
2025-10-09 12:25:07 - Request: 
2025-10-09 12:25:07 - Request: 
2025-10-09 12:25:15 - Request: 
2025-10-09 12:25:17 - Request: {"brand_name":"sfwsd","model":"sdvcddd","quantity_available":"120","purchase_date":"2025-10-07","serial_no":"dvdvdc","su_no":"vdvdv","remark":"dvs d"}
2025-10-09 12:25:17 - Request: {"brand_name":"sfwsd","model":"sdvcddd","quantity_available":"120","purchase_date":"2025-10-07","serial_no":"dvdvdc","su_no":"vdvdv","remark":"dvs d"}
2025-10-09 12:25:22 - Request: 
2025-10-09 12:25:22 - Request: 
2025-10-09 12:26:25 - Request: 
2025-10-09 12:26:27 - Request: {"brand_name":"sfwsd","model":"sdvcddd","quantity_available":"120","purchase_date":"2025-10-07","serial_no":"dvdvdc","su_no":"vdvdv","remark":"dvs df"}
2025-10-09 12:26:27 - Request: {"brand_name":"sfwsd","model":"sdvcddd","quantity_available":"120","purchase_date":"2025-10-07","serial_no":"dvdvdc","su_no":"vdvdv","remark":"dvs df"}
2025-10-09 12:26:30 - Request: 
2025-10-09 12:26:30 - Request: 
2025-10-09 12:27:07 - Request: 
2025-10-09 12:27:10 - Request: {"brand_name":"sfwsd","model":"sdvcddd","quantity_available":"120","purchase_date":"2025-10-07","serial_no":"dvdvdc","su_no":"vdvdv","remark":"dvs dfn"}
2025-10-09 12:27:10 - Request: {"brand_name":"sfwsd","model":"sdvcddd","quantity_available":"120","purchase_date":"2025-10-07","serial_no":"dvdvdc","su_no":"vdvdv","remark":"dvs dfn"}
2025-10-09 12:27:13 - Request: 
2025-10-09 12:27:13 - Request: 
2025-10-09 12:30:14 - Request: 
2025-10-09 12:30:14 - Request: 
2025-10-09 12:30:17 - Request: 
2025-10-09 12:30:19 - Request: 
2025-10-09 12:30:21 - Request: {"brand_name":"sfwsd","model":"sdvcddd","quantity_available":"120","purchase_date":"2025-10-07","serial_no":"dvdvdc","su_no":"vdvdv","remark":"dvs dfn dsv"}
2025-10-09 12:30:21 - Request: {"brand_name":"sfwsd","model":"sdvcddd","quantity_available":"120","purchase_date":"2025-10-07","serial_no":"dvdvdc","su_no":"vdvdv","remark":"dvs dfn dsv"}
2025-10-09 12:30:32 - Request: 
2025-10-09 12:30:32 - Request: 
2025-10-09 12:34:40 - Request: 
2025-10-09 12:34:42 - Request: 
2025-10-09 12:34:42 - Request: 
2025-10-09 12:34:42 - Request: 
2025-10-09 12:34:43 - Request: 
2025-10-09 12:34:48 - Request: {"brand_name":"sfwsd","model":"sdvcddd","quantity_available":"120","purchase_date":"2025-10-07","serial_no":"dvdvdc","su_no":"vdvdv","remark":"dvs dfn dsvc"}
2025-10-09 12:34:48 - Request: {"brand_name":"sfwsd","model":"sdvcddd","quantity_available":"120","purchase_date":"2025-10-07","serial_no":"dvdvdc","su_no":"vdvdv","remark":"dvs dfn dsvc"}
2025-10-09 12:34:55 - Request: 
2025-10-09 12:34:55 - Request: 
2025-10-10 10:34:54 - Request: 
2025-10-10 10:34:55 - Request: 
2025-10-10 10:34:57 - Request: 
2025-10-10 10:35:16 - Request: 
2025-10-10 10:35:16 - Request: 
2025-10-10 10:35:27 - Request: 
2025-10-10 10:35:27 - Request: 
2025-10-10 10:35:29 - Request: 
2025-10-10 10:37:25 - Request: 
2025-10-10 10:37:25 - Request: 
2025-10-10 10:37:28 - Request: 
2025-10-10 10:39:33 - Request: 
2025-10-10 10:39:33 - Request: 
2025-10-10 10:39:35 - Request: 
2025-10-10 10:59:40 - Request: 
2025-10-10 10:59:40 - Request: 
2025-10-10 11:01:04 - Request: 
2025-10-10 11:01:04 - Request: 
2025-10-10 11:06:22 - Request: 
2025-10-10 11:06:22 - Request: 
2025-10-10 11:32:43 - Request: 
2025-10-10 11:32:43 - Request: 
2025-10-10 11:53:12 - Request: 
2025-10-10 11:53:12 - Request: 
2025-10-10 11:55:13 - Request: 
2025-10-10 11:55:13 - Request: 
2025-10-10 11:56:30 - Request: 
2025-10-10 11:56:30 - Request: 
2025-10-10 11:57:25 - Request: 
2025-10-10 11:57:25 - Request: 
2025-10-10 11:57:26 - Request: 
2025-10-10 11:57:26 - Request: 
2025-10-10 11:57:30 - Request: 
2025-10-10 11:57:30 - Request: 
2025-10-10 12:01:49 - Request: 
2025-10-10 12:01:49 - Request: 
2025-10-10 12:01:51 - Request: 
2025-10-10 12:02:51 - Request: 
2025-10-10 12:02:51 - Request: 
2025-10-10 12:02:53 - Request: 
2025-10-10 12:04:05 - Request: 
2025-10-10 12:04:05 - Request: 
2025-10-10 12:05:34 - Request: 
2025-10-10 12:05:34 - Request: 
2025-10-10 12:18:05 - Request: 
2025-10-10 12:18:05 - Request: 
2025-10-10 12:22:13 - Request: 
2025-10-10 12:22:13 - Request: 
2025-10-10 12:22:18 - Request: 
2025-10-10 12:22:18 - Request: 
2025-10-10 12:22:22 - Request: 
2025-10-10 12:22:22 - Request: 
2025-10-10 12:29:01 - Request: 
2025-10-10 12:29:01 - Request: 
2025-10-10 12:29:10 - Request: 
2025-10-10 12:29:10 - Request: 
2025-10-10 12:29:10 - Request: 
2025-10-10 12:29:10 - Request: 
2025-10-10 12:29:10 - Request: 
2025-10-10 12:29:10 - Request: 
2025-10-10 12:29:11 - Request: 
2025-10-10 12:29:11 - Request: 
2025-10-10 12:29:11 - Request: 
2025-10-10 12:29:11 - Request: 
2025-10-10 12:29:11 - Request: 
2025-10-10 12:29:11 - Request: 
2025-10-10 12:29:11 - Request: 
2025-10-10 12:29:11 - Request: 
2025-10-10 12:29:11 - Request: 
2025-10-10 12:29:11 - Request: 
2025-10-10 12:29:11 - Request: 
2025-10-10 12:29:11 - Request: 
2025-10-10 12:29:11 - Request: 
2025-10-10 12:29:11 - Request: 
2025-10-10 12:29:11 - Request: 
2025-10-10 12:29:11 - Request: 
2025-10-10 12:29:12 - Request: 
2025-10-10 12:29:12 - Request: 
2025-10-10 12:29:12 - Request: 
2025-10-10 12:29:12 - Request: 
2025-10-10 12:29:12 - Request: 
2025-10-10 12:29:12 - Request: 
2025-10-10 12:29:12 - Request: 
2025-10-10 12:29:12 - Request: 
2025-10-10 12:29:12 - Request: 
2025-10-10 12:29:12 - Request: 
2025-10-10 12:29:12 - Request: 
2025-10-10 12:29:12 - Request: 
2025-10-10 12:29:12 - Request: 
2025-10-10 12:29:12 - Request: 
2025-10-10 12:29:13 - Request: 
2025-10-10 12:29:13 - Request: 
2025-10-10 12:29:13 - Request: 
2025-10-10 12:29:13 - Request: 
2025-10-10 12:29:13 - Request: 
2025-10-10 12:29:13 - Request: 
2025-10-10 12:29:13 - Request: 
2025-10-10 12:29:13 - Request: 
2025-10-10 12:29:13 - Request: 
2025-10-10 12:29:13 - Request: 
2025-10-10 12:29:14 - Request: 
2025-10-10 12:29:14 - Request: 
2025-10-10 12:29:14 - Request: 
2025-10-10 12:29:14 - Request: 
2025-10-10 12:29:14 - Request: 
2025-10-10 12:29:14 - Request: 
2025-10-10 12:29:14 - Request: 
2025-10-10 12:29:14 - Request: 
2025-10-10 12:29:14 - Request: 
2025-10-10 12:29:14 - Request: 
2025-10-10 12:29:14 - Request: 
2025-10-10 12:29:14 - Request: 
2025-10-10 12:29:15 - Request: 
2025-10-10 12:29:15 - Request: 
2025-10-10 12:29:15 - Request: 
2025-10-10 12:29:15 - Request: 
2025-10-10 12:29:15 - Request: 
2025-10-10 12:29:15 - Request: 
2025-10-10 12:29:15 - Request: 
2025-10-10 12:29:15 - Request: 
2025-10-10 12:29:15 - Request: 
2025-10-10 12:29:15 - Request: 
2025-10-10 12:29:16 - Request: 
2025-10-10 12:29:16 - Request: 
2025-10-10 12:29:16 - Request: 
2025-10-10 12:29:16 - Request: 
2025-10-14 13:17:37 - Request: 
2025-10-14 13:17:37 - Request: 
2025-10-14 13:17:41 - Request: 
2025-10-14 13:22:09 - Request: 
2025-10-14 13:22:09 - Request: 
2025-10-14 13:22:59 - Request: 
2025-10-14 13:23:00 - Request: 
2025-10-14 13:23:37 - Request: 
2025-10-14 13:23:37 - Request: 
2025-10-14 14:04:07 - Request: 
2025-10-14 14:04:07 - Request: 
2025-10-14 14:13:11 - Request: 
2025-10-14 14:13:11 - Request: 
2025-10-14 14:13:49 - Request: 
2025-10-14 14:13:49 - Request: 
2025-10-16 08:14:04 - Request: 
2025-10-16 08:14:04 - Request: 
2025-10-16 10:23:04 - Request: 
2025-10-16 10:23:04 - Request: 
2025-10-16 10:23:15 - Request: 
2025-10-16 10:23:15 - Request: 
2025-10-16 10:23:18 - Request: 
2025-10-16 10:23:18 - Request: 
2025-10-16 10:24:47 - Request: 
2025-10-16 10:24:47 - Request: 
2025-10-16 10:24:58 - Request: 
2025-10-16 10:24:58 - Request: 
2025-10-16 10:30:30 - Request: 
2025-10-16 10:30:30 - Request: 
2025-10-16 10:31:17 - Request: 
2025-10-16 10:31:17 - Request: 
2025-10-16 10:31:29 - Request: 
2025-10-16 10:31:29 - Request: 
2025-10-16 10:31:32 - Request: 
2025-10-16 10:31:32 - Request: 
2025-10-16 10:31:34 - Request: 
2025-10-16 10:31:34 - Request: 
2025-10-16 10:32:21 - Request: 
2025-10-16 10:32:21 - Request: 
2025-10-16 10:32:35 - Request: 
2025-10-16 10:32:35 - Request: 
2025-10-16 10:32:38 - Request: 
2025-10-16 10:32:38 - Request: 
2025-10-16 10:36:21 - Request: 
2025-10-16 10:36:21 - Request: 
2025-10-16 10:38:19 - Request: 
2025-10-16 10:38:19 - Request: 
2025-10-16 10:39:31 - Request: 
2025-10-16 10:39:32 - Request: 
2025-10-16 10:39:32 - Request: 
2025-10-16 10:39:32 - Request: 
2025-10-16 10:39:33 - Request: 
2025-10-16 10:39:33 - Request: 
2025-10-16 10:39:36 - Request: 
2025-10-16 10:39:36 - Request: 
2025-10-16 10:42:41 - Request: 
2025-10-16 10:42:41 - Request: 
2025-10-16 10:42:48 - Request: 
2025-10-16 10:42:48 - Request: 
2025-10-16 10:42:49 - Request: 
2025-10-16 10:42:49 - Request: 
2025-10-16 10:42:50 - Request: 
2025-10-16 10:42:50 - Request: 
2025-10-16 10:42:51 - Request: 
2025-10-16 10:42:51 - Request: 
2025-10-16 10:43:10 - Request: 
2025-10-16 10:43:10 - Request: 
2025-10-16 10:44:43 - Request: 
2025-10-16 10:44:43 - Request: 
2025-10-16 10:45:16 - Request: 
2025-10-16 10:45:16 - Request: 
2025-10-16 10:45:17 - Request: 
2025-10-16 10:45:17 - Request: 
2025-10-16 10:45:20 - Request: 
2025-10-16 10:45:20 - Request: 
2025-10-16 10:45:30 - Request: 
2025-10-16 10:45:30 - Request: 
2025-10-16 10:46:05 - Request: 
2025-10-16 10:46:05 - Request: 
2025-10-16 11:23:07 - Request: 
2025-10-16 11:43:29 - Request: 
2025-10-16 11:43:29 - Request: 
2025-10-16 11:43:39 - Request: 
2025-10-16 11:43:39 - Request: 
2025-10-16 11:43:42 - Request: 
2025-10-16 11:43:42 - Request: 
2025-10-16 11:44:16 - Request: 
2025-10-16 11:44:16 - Request: 
2025-10-16 11:46:31 - Request: 
2025-10-16 11:46:31 - Request: 
2025-10-16 11:47:08 - Request: 
2025-10-16 11:47:08 - Request: 
2025-10-16 11:47:33 - Request: 
2025-10-16 11:47:33 - Request: 
2025-10-16 11:49:39 - Request: 
2025-10-16 11:49:39 - Request: 
2025-10-16 11:51:16 - Request: 
2025-10-16 11:51:16 - Request: 
2025-10-16 11:51:55 - Request: 
2025-10-16 11:51:55 - Request: 
2025-10-16 11:53:42 - Request: 
2025-10-16 11:53:42 - Request: 
2025-10-16 11:57:02 - Request: 
2025-10-16 11:57:02 - Request: 
2025-10-16 11:58:46 - Request: 
2025-10-16 11:58:46 - Request: 
2025-10-16 12:09:20 - Request: 
2025-10-16 12:09:20 - Request: 
2025-10-16 12:09:25 - Request: 
2025-10-16 12:09:25 - Request: 
2025-10-16 12:09:25 - Request: 
2025-10-16 12:09:25 - Request: 
2025-10-16 12:09:39 - Request: 
2025-10-16 12:09:39 - Request: 
2025-10-16 12:10:25 - Request: 
2025-10-16 12:10:25 - Request: 
2025-10-16 12:14:51 - Request: 
2025-10-16 12:14:51 - Request: 
2025-10-16 12:19:12 - Request: 
2025-10-16 12:19:12 - Request: 
2025-10-16 12:19:51 - Request: 
2025-10-16 12:19:51 - Request: 
2025-10-16 12:28:28 - Request: 
2025-10-16 12:28:28 - Request: 
2025-10-17 07:38:46 - Request: 
2025-10-17 07:38:46 - Request: 
2025-10-17 07:39:01 - Request: 
2025-10-17 07:39:01 - Request: 
2025-10-17 07:39:04 - Request: 
2025-10-17 07:39:04 - Request: 
2025-10-17 07:39:22 - Request: 
2025-10-17 07:39:22 - Request: 
2025-10-17 07:40:26 - Request: 
2025-10-17 07:40:26 - Request: 
2025-10-17 07:41:10 - Request: 
2025-10-17 07:41:10 - Request: 
2025-10-17 07:46:29 - Request: 
2025-10-17 07:46:29 - Request: 
2025-10-17 07:49:41 - Request: 
2025-10-17 07:49:41 - Request: 
2025-10-17 07:54:12 - Request: 
2025-10-17 07:54:12 - Request: 
2025-10-17 07:55:02 - Request: 
2025-10-17 07:55:02 - Request: 
2025-10-17 07:55:47 - Request: 
2025-10-17 07:55:47 - Request: 
2025-10-17 07:58:20 - Request: 
2025-10-17 07:58:20 - Request: 
2025-10-17 08:03:31 - Request: 
2025-10-17 08:03:31 - Request: 
2025-10-17 08:15:14 - Request: 
2025-10-17 08:15:34 - Request: 
2025-10-17 08:15:34 - Request: 
2025-10-17 08:21:53 - Request: 
2025-10-17 08:21:53 - Request: 
2025-10-17 08:22:17 - Request: 
2025-10-17 08:49:46 - Request: 
2025-10-17 08:49:46 - Request: 
2025-10-17 09:10:22 - Request: 
2025-10-17 09:10:22 - Request: 
2025-10-17 09:10:39 - Request: 
2025-10-17 09:10:39 - Request: 
2025-10-17 09:10:59 - Request: 
2025-10-17 09:10:59 - Request: 
2025-10-17 10:50:29 - Request: 
2025-10-17 10:50:29 - Request: 
2025-10-17 11:35:22 - Request: 
2025-10-17 11:35:22 - Request: 
2025-10-17 11:36:55 - Request: 
2025-10-17 11:36:55 - Request: 
2025-10-17 11:38:31 - Request: 
2025-10-17 11:39:15 - Request: 
2025-10-17 11:54:23 - Request: 
2025-10-17 11:54:23 - Request: 
2025-10-17 11:55:12 - Request: 
2025-10-17 11:55:12 - Request: 
2025-10-17 12:16:14 - Request: 
2025-10-17 12:16:14 - Request: 
2025-10-17 12:16:44 - Request: 
2025-10-17 12:16:44 - Request: 
2025-10-17 12:17:35 - Request: 
2025-10-17 12:17:41 - Request: 
2025-10-17 12:31:34 - Request: 
2025-10-22 11:26:14 - Request: 
2025-10-22 11:26:14 - Request: 
2025-10-22 11:26:27 - Request: 
2025-10-22 11:26:27 - Request: 
2025-10-22 11:28:16 - Request: 
2025-10-22 11:28:16 - Request: 
2025-10-22 11:30:56 - Request: 
2025-10-22 11:30:56 - Request: 
2025-10-22 11:32:58 - Request: 
2025-10-22 11:32:58 - Request: 
2025-10-22 11:33:26 - Request: 
2025-10-22 11:33:26 - Request: 
2025-10-22 11:35:27 - Request: 
2025-10-22 11:35:27 - Request: 
2025-10-22 11:35:34 - Request: 
2025-10-22 11:35:34 - Request: 
2025-10-22 11:39:09 - Request: 
2025-10-22 11:39:09 - Request: 
2025-10-22 11:39:49 - Request: 
2025-10-22 11:39:49 - Request: 
2025-10-22 11:42:29 - Request: 
2025-10-22 11:42:29 - Request: 
2025-10-22 11:45:26 - Request: 
2025-10-22 11:45:26 - Request: 
2025-10-22 11:47:24 - Request: 
2025-10-22 11:47:24 - Request: 
2025-10-22 11:47:25 - Request: 
2025-10-22 11:47:25 - Request: 
2025-10-22 11:47:25 - Request: 
2025-10-22 11:47:25 - Request: 
2025-10-22 11:47:26 - Request: 
2025-10-22 11:47:26 - Request: 
2025-10-22 11:47:26 - Request: 
2025-10-22 11:47:26 - Request: 
2025-10-22 11:47:27 - Request: 
2025-10-22 11:47:27 - Request: 
2025-10-22 11:47:27 - Request: 
2025-10-22 11:47:27 - Request: 
2025-10-22 11:47:27 - Request: 
2025-10-22 11:47:27 - Request: 
2025-10-22 11:50:08 - Request: 
2025-10-22 11:50:08 - Request: 
2025-10-22 11:57:57 - Request: 
2025-10-22 11:57:57 - Request: 
2025-10-22 11:58:40 - Request: 
2025-10-22 11:58:40 - Request: 
2025-10-22 11:58:50 - Request: 
2025-10-22 11:58:50 - Request: 
2025-10-22 11:59:58 - Request: 
2025-10-22 11:59:58 - Request: 
2025-10-22 12:04:09 - Request: 
2025-10-22 12:04:09 - Request: 
2025-10-22 12:04:40 - Request: 
2025-10-22 12:04:40 - Request: 
2025-10-22 12:04:56 - Request: 
2025-10-22 12:06:50 - Request: 
2025-10-22 12:06:50 - Request: 
2025-10-22 12:11:04 - Request: 
2025-10-22 12:11:04 - Request: 
2025-10-22 12:11:18 - Request: 
2025-10-22 12:11:18 - Request: 
2025-10-22 12:11:26 - Request: 
2025-10-22 12:12:22 - Request: 
2025-10-22 12:12:22 - Request: 
2025-10-22 12:12:27 - Request: 
2025-10-22 12:12:27 - Request: 
2025-10-22 12:17:39 - Request: 
2025-10-22 12:17:39 - Request: 
2025-10-22 12:18:06 - Request: 
2025-10-22 12:18:06 - Request: 
2025-10-22 12:18:24 - Request: 
2025-10-22 12:22:31 - Request: 
2025-10-22 12:22:31 - Request: 
2025-10-22 12:22:39 - Request: 
2025-10-22 12:22:39 - Request: 
2025-10-22 12:22:40 - Request: 
2025-10-22 12:22:40 - Request: 
2025-10-22 12:22:50 - Request: 
2025-10-22 12:22:50 - Request: 
2025-10-22 12:25:02 - Request: 
2025-10-22 12:35:44 - Request: 
2025-10-22 12:35:44 - Request: 
2025-10-22 12:35:47 - Request: 
2025-10-23 10:15:12 - Request: 
2025-10-23 10:15:13 - Request: 
2025-10-23 10:15:19 - Request: 
2025-10-23 10:19:15 - Request: 
2025-10-23 10:19:15 - Request: 
2025-10-23 10:20:01 - Request: 
2025-10-23 10:20:01 - Request: 
2025-10-23 10:20:03 - Request: 
2025-10-23 10:20:03 - Request: 
2025-10-23 10:24:10 - Request: 
2025-10-23 10:24:10 - Request: 
2025-10-23 10:24:47 - Request: 
2025-10-23 10:24:47 - Request: 
2025-10-23 10:24:49 - Request: 
2025-10-23 10:24:49 - Request: 
2025-10-23 10:25:14 - Request: 
2025-10-23 10:25:14 - Request: 
2025-10-23 10:26:55 - Request: 
2025-10-23 10:26:55 - Request: 
2025-10-23 10:27:33 - Request: 
2025-10-23 10:27:33 - Request: 
2025-10-23 10:28:44 - Request: 
2025-10-23 10:28:44 - Request: 
2025-10-23 10:29:09 - Request: 
2025-10-23 10:29:09 - Request: 
2025-10-23 10:29:30 - Request: 
2025-10-23 10:29:30 - Request: 
2025-10-23 10:29:31 - Request: 
2025-10-23 10:29:31 - Request: 
2025-10-23 10:29:37 - Request: 
2025-10-23 10:30:39 - Request: 
2025-10-23 10:30:39 - Request: 
2025-10-23 10:30:42 - Request: 
2025-10-23 10:31:09 - Request: 
2025-10-23 10:31:09 - Request: 
2025-10-23 10:31:34 - Request: 
2025-10-23 10:31:34 - Request: 
2025-10-23 10:31:40 - Request: 
2025-10-23 10:31:40 - Request: 
2025-10-23 10:33:35 - Request: 
2025-10-23 10:33:35 - Request: 
2025-10-23 10:34:37 - Request: 
2025-10-23 10:34:37 - Request: 
2025-10-23 10:35:23 - Request: 
2025-10-23 10:35:23 - Request: 
2025-10-23 10:35:43 - Request: 
2025-10-23 10:35:43 - Request: 
2025-10-23 10:35:50 - Request: 
2025-10-23 10:36:47 - Request: 
2025-10-23 10:36:47 - Request: 
2025-10-23 10:36:53 - Request: 
2025-10-23 10:38:47 - Request: 
2025-10-23 10:38:47 - Request: 
2025-10-23 11:14:11 - Request: 
2025-10-23 11:14:11 - Request: 
2025-10-23 11:14:25 - Request: 
2025-10-23 11:39:06 - Request: 
2025-10-23 11:39:14 - Request: 
2025-10-23 11:39:19 - Request: {"brand_name":"sfwsd ggggg","model":"sdvcddd","quantity_available":"120","purchase_date":"2025-10-07","serial_no":"dvdvdc","su_no":"vdvdv","remark":"dvs dfn dsvc"}
2025-10-23 11:39:19 - Request: {"id":"","brand_name":"sfwsd ggggg","model":"sdvcddd","quantity_available":"120","purchase_date":"2025-10-07","serial_no":"dvdvdc","su_no":"vdvdv","remark":"dvs dfn dsvc"}
2025-10-23 11:39:23 - Request: 
2025-10-23 11:39:23 - Request: 
2025-10-23 11:42:50 - Request: 
2025-10-23 11:42:57 - Request: {"brand_name":"sfwsd ggggg wdfddef","model":"sdvcddd","quantity_available":"120","purchase_date":"2025-10-07","serial_no":"dvdvdc","su_no":"vdvdv","remark":"dvs dfn dsvc"}
2025-10-23 11:42:57 - Request: {"id":"","brand_name":"sfwsd ggggg wdfddef","model":"sdvcddd","quantity_available":"120","purchase_date":"2025-10-07","serial_no":"dvdvdc","su_no":"vdvdv","remark":"dvs dfn dsvc"}
2025-10-23 11:43:00 - Request: 
2025-10-23 11:43:00 - Request: 
2025-10-23 11:43:04 - Request: 
2025-10-23 11:43:05 - Request: 
2025-10-23 11:43:07 - Request: 
2025-10-23 11:43:08 - Request: 
2025-10-23 11:43:29 - Request: 
2025-10-23 12:11:43 - Request: 
2025-10-23 12:11:43 - Request: 
2025-10-23 12:11:46 - Request: 
2025-10-23 12:11:49 - Request: 
2025-10-23 12:11:50 - Request: 
2025-10-23 12:11:56 - Request: {"brand_name":"sfwsd","model":"sdvcddd","quantity_available":"120","purchase_date":"2025-10-07","serial_no":"dvdvdc","su_no":"vdvdv","remark":"dvs dfn dsvc"}
n dsvc"}
2025-10-23 12:11:58 - Request: 
2025-10-23 12:11:58 - Request: 
2025-10-23 12:12:03 - Request: 
2025-10-23 12:12:04 - Request: 
2025-10-23 12:23:18 - Request: 
2025-10-23 12:23:18 - Request: 
2025-10-23 12:23:22 - Request: 
2025-10-23 12:23:24 - Request: 
2025-10-23 12:23:28 - Request: {"brand_name":"sfwsd cdc","model":"sdvcddd","quantity_available":"120","purchase_date":"2025-10-07","serial_no":"dvdvdc","su_no":"vdvdv","remark":"dvs dfn dsvc"}
2025-10-23 12:23:28 - Request: {"id":"","brand_name":"sfwsd cdc","model":"sdvcddd","quantity_available":"120","purchase_date":"2025-10-07","serial_no":"dvdvdc","su_no":"vdvdv","remark":"dvs dfn dsvc"}
2025-10-23 12:23:31 - Request: 
2025-10-23 12:23:31 - Request: 
2025-10-23 12:23:39 - Request: 
2025-10-23 12:23:43 - Request: {"brand_name":"sfwsd cdc sc","model":"sdvcddd","quantity_available":"120","purchase_date":"2025-10-07","serial_no":"dvdvdc","su_no":"vdvdv","remark":"dvs dfn dsvc"}
2025-10-23 12:23:43 - Request: {"id":"","brand_name":"sfwsd cdc sc","model":"sdvcddd","quantity_available":"120","purchase_date":"2025-10-07","serial_no":"dvdvdc","su_no":"vdvdv","remark":"dvs dfn dsvc"}
2025-10-23 12:23:45 - Request: 
2025-10-23 12:23:45 - Request: 
2025-10-23 12:23:48 - Request: 
2025-10-23 12:23:50 - Request: 
2025-10-23 12:23:52 - Request: 
2025-10-23 12:23:53 - Request: 
2025-10-23 12:23:54 - Request: 
2025-10-23 12:23:55 - Request: 
2025-10-23 12:27:50 - Request: 
2025-10-23 12:27:50 - Request: 
2025-10-23 12:27:55 - Request: 
2025-10-23 12:27:55 - Request: 
2025-10-23 12:27:57 - Request: 
2025-10-23 12:27:57 - Request: 
2025-10-23 12:27:59 - Request: 
2025-10-23 12:28:05 - Request: 
2025-10-23 12:28:09 - Request: {"brand_name":"Logitech","model":"M185","quantity_available":"10","purchase_date":"2024-09-10","serial_no":"SN12345","su_no":"SU001","remark":"Wireless mouse for office use"}
2025-10-23 12:28:09 - Request: {"id":"","brand_name":"Logitech ","model":"M185","quantity_available":"10","purchase_date":"2024-09-10","serial_no":"SN12345","su_no":"SU001","remark":"Wireless mouse for office use"}
2025-10-23 12:28:12 - Request: 
2025-10-23 12:28:12 - Request: 
2025-10-23 17:44:32 - Request: 
2025-10-23 17:44:32 - Request: 
2025-10-23 17:44:34 - Request: 
2025-10-23 17:44:52 - Request: 
2025-10-23 17:44:54 - Request: 
2025-10-23 17:44:59 - Request: {"brand_name":"Logitech gg","model":"M185","quantity_available":"10","purchase_date":"2024-09-10","serial_no":"SN12345","su_no":"SU001","remark":"Wireless mouse for office use"}
2025-10-23 17:44:59 - Request: {"id":"","brand_name":"Logitech gg","model":"M185","quantity_available":"10","purchase_date":"2024-09-10","serial_no":"SN12345","su_no":"SU001","remark":"Wireless mouse for office use"}
2025-10-23 17:45:00 - Request: 
2025-10-23 17:45:00 - Request: 
2025-10-23 17:45:05 - Request: 
2025-10-23 17:45:09 - Request: {"brand_name":"Logitech ggf","model":"M185","quantity_available":"10","purchase_date":"2024-09-10","serial_no":"SN12345","su_no":"SU001","remark":"Wireless mouse for office use"}
2025-10-23 17:45:09 - Request: {"id":"","brand_name":"Logitech ggf","model":"M185","quantity_available":"10","purchase_date":"2024-09-10","serial_no":"SN12345","su_no":"SU001","remark":"Wireless mouse for office use"}
2025-10-23 17:45:11 - Request: 
2025-10-23 17:45:11 - Request: 
2025-10-23 17:46:16 - Request: 
2025-10-23 17:46:20 - Request: {"brand_name":"Logitech ggfgg","model":"M185","quantity_available":"10","purchase_date":"2024-09-10","serial_no":"SN12345","su_no":"SU001","remark":"Wireless mouse for office use"}
2025-10-23 17:46:20 - Request: {"id":"","brand_name":"Logitech ggfgg","model":"M185","quantity_available":"10","purchase_date":"2024-09-10","serial_no":"SN12345","su_no":"SU001","remark":"Wireless mouse for office use"}
2025-10-23 17:46:22 - Request: 
2025-10-23 17:46:22 - Request: 
2025-10-23 17:57:05 - Request: 
2025-10-23 17:57:05 - Request: 
2025-10-23 17:57:11 - Request: 
2025-10-23 17:57:11 - Request: 
2025-10-23 17:57:15 - Request: 
2025-10-23 17:57:18 - Request: 
2025-10-23 17:57:23 - Request: {"id":"","brand_name":"Logitech ggaaaa","model":"M185","quantity_available":"10","purchase_date":"2024-09-10","serial_no":"SN12345","su_no":"SU001","remark":"Wireless mouse for office use"}
2025-10-23 17:57:26 - Request: 
2025-10-23 17:57:26 - Request: 
2025-10-23 19:40:29 - Request: 
2025-10-23 19:40:29 - Request: 
2025-10-23 19:40:38 - Request: 
2025-10-23 19:40:38 - Request: 
2025-10-23 19:40:45 - Request: 
2025-10-23 19:40:55 - Request: 
2025-10-23 19:40:57 - Request: 
2025-10-23 19:41:01 - Request: 
2025-10-23 19:41:02 - Request: 
2025-11-06 07:28:48 - Request: 
2025-11-06 07:28:48 - Request: 
2025-11-06 07:29:01 - Request: 
2025-11-06 07:34:10 - Request: 
2025-11-06 07:34:16 - Request: 
2025-11-06 07:34:23 - Request: {"brand_name":"Logitech ggfgggggggg","model":"M185","quantity_available":"10","purchase_date":"2024-09-10","serial_no":"SN12345","su_no":"SU001","remark":"Wireless mouse for office use"}
2025-11-06 07:34:23 - Request: {"id":"","brand_name":"Logitech ggfgggggggg","model":"M185","quantity_available":"10","purchase_date":"2024-09-10","serial_no":"SN12345","su_no":"SU001","remark":"Wireless mouse for office use"}
2025-11-06 07:34:27 - Request: 
2025-11-06 07:34:27 - Request: 
2025-11-06 07:46:50 - Request: 
2025-11-06 07:46:50 - Request: 
2025-11-06 07:46:56 - Request: 
2025-11-06 07:46:59 - Request: 
2025-11-06 07:47:09 - Request: {"id":"","brand_name":"Logitech ggfgggggggg","model":"M444","quantity_available":"10","purchase_date":"2024-09-10","serial_no":"SN12345","su_no":"SU001","remark":"Wireless mouse for office use"}
2025-11-06 07:47:12 - Request: 
2025-11-06 07:47:12 - Request: 
2025-11-06 07:57:38 - Request: 
2025-11-06 07:57:38 - Request: 
2025-11-06 07:57:42 - Request: 
2025-11-06 07:57:45 - Request: 
2025-11-06 07:57:52 - Request: {"brand_name":"Logitech","model":"M444","quantity_available":"10","purchase_date":"2024-09-10","serial_no":"SN12345","su_no":"SU001","remark":"Wireless mouse for office use"}
2025-11-06 07:57:52 - Request: {"id":"","brand_name":"Logitech","model":"M444","quantity_available":"10","purchase_date":"2024-09-10","serial_no":"SN12345","su_no":"SU001","remark":"Wireless mouse for office use"}
2025-11-06 07:57:55 - Request: 
2025-11-06 07:57:55 - Request: 
2025-11-06 08:02:33 - Request: 
2025-11-06 08:02:33 - Request: 
2025-11-06 08:02:38 - Request: 
2025-11-06 08:02:43 - Request: 
2025-11-06 08:02:45 - Request: 
2025-11-06 08:02:46 - Request: 
2025-11-06 08:02:46 - Request: 
2025-11-06 08:02:46 - Request: 
2025-11-06 08:02:47 - Request: 
2025-11-06 08:02:47 - Request: 
2025-11-06 08:02:47 - Request: 
2025-11-06 08:02:47 - Request: 
2025-11-06 08:02:50 - Request: 
2025-11-06 08:03:16 - Request: 
2025-11-06 08:03:16 - Request: 
2025-11-06 08:03:22 - Request: 
2025-11-06 08:03:28 - Request: 
2025-11-06 08:03:34 - Request: {"brand_name":"Logitech ygs","model":"M444","quantity_available":"10","purchase_date":"2024-09-10","serial_no":"SN12345","su_no":"SU001","remark":"Wireless mouse for office use"}
e use"}
2025-11-06 08:03:37 - Request: 
2025-11-06 08:03:37 - Request: 
2025-11-06 08:03:45 - Request: 
2025-11-06 08:03:47 - Request: 
2025-11-06 08:03:54 - Request: 
2025-11-06 08:03:55 - Request: 
2025-11-06 08:27:21 - Request: 
2025-11-06 08:27:21 - Request: 
2025-11-06 08:27:24 - Request: 
2025-11-06 08:27:27 - Request: 
2025-11-06 08:27:32 - Request: {"brand_name":"Logitech","model":"M444","quantity_available":"10","purchase_date":"2024-09-10","serial_no":"SN12345","su_no":"SU001","remark":"Wireless mouse for office use"}
2025-11-06 08:27:32 - Request: {"id":"","brand_name":"Logitech ","model":"M444","quantity_available":"10","purchase_date":"2024-09-10","serial_no":"SN12345","su_no":"SU001","remark":"Wireless mouse for office use"}
2025-11-06 08:27:35 - Request: 
2025-11-06 08:27:35 - Request: 
2025-11-06 08:27:40 - Request: 
2025-11-06 08:27:42 - Request: 
2025-11-06 08:27:45 - Request: 
2025-11-06 08:27:45 - Request: 
2025-11-06 08:27:49 - Request: 
2025-11-06 08:27:49 - Request: 
2025-11-06 08:27:51 - Request: 
2025-11-06 08:27:58 - Request: {"id":"","brand_name":"Logitech ","model":"M185","quantity_available":"10","purchase_date":"2024-09-10","serial_no":"SN12345","su_no":"SU001","remark":"Wireless mouse for office use"}
2025-11-06 08:28:01 - Request: 
2025-11-06 08:28:01 - Request: 
2025-11-06 08:28:51 - Request: 
2025-11-06 08:28:51 - Request: 
2025-11-06 08:28:57 - Request: 
2025-11-06 08:28:59 - Request: 
2025-11-06 08:29:04 - Request: {"id":"","brand_name":"Logitech ggg","model":"M185","quantity_available":"10","purchase_date":"2024-09-10","serial_no":"SN12345","su_no":"SU001","remark":"Wireless mouse for office use"}
2025-11-06 08:29:07 - Request: 
2025-11-06 08:29:07 - Request: 
2025-11-06 08:29:19 - Request: 
2025-11-06 08:29:20 - Request: 
2025-11-06 08:29:23 - Request: 
2025-11-06 08:29:26 - Request: 
2025-11-06 08:29:29 - Request: 
2025-11-06 08:29:30 - Request: 
2025-11-06 08:29:35 - Request: 
2025-11-06 08:29:37 - Request: 
2025-11-06 08:29:41 - Request: 
2025-11-06 08:29:42 - Request: 
2025-11-06 08:29:48 - Request: 
2025-11-06 08:29:56 - Request: {"brand_name":"ugreen","model":"M185","quantity_available":"10","purchase_date":"2024-09-10","serial_no":"SN12345","su_no":"SU001","remark":"Wireless mouse for office use"}
2025-11-06 08:29:56 - Request: {"id":"","brand_name":"ugreen","model":"M185","quantity_available":"10","purchase_date":"2024-09-10","serial_no":"SN12345","su_no":"SU001","remark":"Wireless mouse for office use"}
2025-11-06 08:29:59 - Request: 
2025-11-06 08:29:59 - Request: 
2025-11-06 08:31:02 - Request: 
2025-11-06 08:31:02 - Request: 
2025-11-06 08:31:06 - Request: 
2025-11-06 08:31:09 - Request: 
2025-11-06 08:31:13 - Request: {"brand_name":"ugreen 110","model":"M185","quantity_available":"10","purchase_date":"2024-09-10","serial_no":"SN12345","su_no":"SU001","remark":"Wireless mouse for office use"}
2025-11-06 08:31:13 - Request: {"id":"","brand_name":"ugreen 110","model":"M185","quantity_available":"10","purchase_date":"2024-09-10","serial_no":"SN12345","su_no":"SU001","remark":"Wireless mouse for office use"}
2025-11-06 08:31:16 - Request: 
2025-11-06 08:31:16 - Request: 
2025-11-06 09:07:26 - Request: 
2025-11-06 09:07:26 - Request: 
2025-11-06 09:07:27 - Request: 
2025-11-06 09:07:27 - Request: 
2025-11-06 09:07:27 - Request: 
2025-11-06 09:07:27 - Request: 
2025-11-06 09:07:27 - Request: 
2025-11-06 09:07:27 - Request: 
2025-11-06 09:07:28 - Request: 
2025-11-06 09:07:28 - Request: 
2025-11-06 09:07:28 - Request: 
2025-11-06 09:07:28 - Request: 
2025-11-06 09:07:28 - Request: 
2025-11-06 09:07:28 - Request: 
2025-11-06 09:07:28 - Request: 
2025-11-06 09:07:28 - Request: 
2025-11-06 09:07:29 - Request: 
2025-11-06 09:07:29 - Request: 
2025-11-06 09:07:29 - Request: 
2025-11-06 09:07:29 - Request: 
2025-11-06 09:07:29 - Request: 
2025-11-06 09:07:29 - Request: 
2025-11-06 09:07:29 - Request: 
2025-11-06 09:07:29 - Request: 
2025-11-06 09:07:30 - Request: 
2025-11-06 09:07:30 - Request: 
2025-11-06 09:07:30 - Request: 
2025-11-06 09:07:30 - Request: 
2025-11-06 09:07:30 - Request: 
2025-11-06 09:07:30 - Request: 
2025-11-06 09:07:30 - Request: 
2025-11-06 09:07:30 - Request: 
2025-11-06 09:07:31 - Request: 
2025-11-06 09:07:31 - Request: 
2025-11-06 09:07:31 - Request: 
2025-11-06 09:07:31 - Request: 
2025-11-06 09:07:31 - Request: 
2025-11-06 09:07:31 - Request: 
2025-11-06 10:57:21 - Request: 
2025-11-06 10:57:28 - Request: 
2025-11-06 10:57:33 - Request: {"brand_name":"ugreen 120","model":"M185","quantity_available":"10","purchase_date":"2024-09-10","serial_no":"SN12345","su_no":"SU001","remark":"Wireless mouse for office use"}
2025-11-06 10:57:33 - Request: {"id":"","brand_name":"ugreen 120","model":"M185","quantity_available":"10","purchase_date":"2024-09-10","serial_no":"SN12345","su_no":"SU001","remark":"Wireless mouse for office use"}
2025-11-06 10:57:39 - Request: 
2025-11-06 10:57:39 - Request: 
2025-11-06 11:05:02 - Request: 
2025-11-06 11:05:02 - Request: 
2025-11-06 11:05:06 - Request: 
2025-11-06 11:05:09 - Request: 
2025-11-06 11:05:15 - Request: {"brand_name":"ugreen 130","model":"M185","quantity_available":"10","purchase_date":"2024-09-10","serial_no":"SN12345","su_no":"SU001","remark":"Wireless mouse for office use"}
e use"}
2025-11-06 11:05:19 - Request: 
2025-11-06 11:05:19 - Request: 
2025-11-06 11:09:59 - Request: 
2025-11-06 11:09:59 - Request: 
2025-11-06 11:25:33 - Request: 
2025-11-06 11:25:36 - Request: 
2025-11-06 11:25:42 - Request: {"brand_name":"ugreen 140","model":"M185","quantity_available":"10","purchase_date":"2024-09-10","serial_no":"SN12345","su_no":"SU001","remark":"Wireless mouse for office use"}
2025-11-06 11:25:42 - Request: {"id":"","brand_name":"ugreen 140","model":"M185","quantity_available":"10","purchase_date":"2024-09-10","serial_no":"SN12345","su_no":"SU001","remark":"Wireless mouse for office use"}
2025-11-06 11:25:45 - Request: 
2025-11-06 11:25:45 - Request: 
2025-11-09 20:10:08 - Request: 
2025-11-09 20:10:08 - Request: 
2025-11-09 20:10:43 - Request: 
2025-11-09 20:10:51 - Request: 
2025-11-09 20:10:56 - Request: 
2025-11-09 20:10:58 - Request: 
2025-11-09 20:11:01 - Request: 
2025-11-09 20:11:08 - Request: {"brand_name":"ugreen 150","model":"M185","quantity_available":"10","purchase_date":"2024-09-10","serial_no":"SN12345","su_no":"SU001","remark":"Wireless mouse for office use"}
2025-11-09 20:11:08 - Request: {"id":"","brand_name":"ugreen 150","model":"M185","quantity_available":"10","purchase_date":"2024-09-10","serial_no":"SN12345","su_no":"SU001","remark":"Wireless mouse for office use"}
2025-11-09 20:11:11 - Request: 
2025-11-09 20:11:11 - Request: 
2025-11-09 20:14:21 - Request: 
2025-11-09 20:14:21 - Request: 
2025-11-09 20:14:24 - Request: 
2025-11-09 20:14:26 - Request: 
2025-11-09 20:14:34 - Request: {"brand_name":"ugreen 160","model":"M185","quantity_available":"10","purchase_date":"2024-09-10","serial_no":"SN12345","su_no":"SU001","remark":"Wireless mouse for office use"}
2025-11-09 20:14:34 - Request: {"id":"","brand_name":"ugreen 160","model":"M185","quantity_available":"10","purchase_date":"2024-09-10","serial_no":"SN12345","su_no":"SU001","remark":"Wireless mouse for office use"}
2025-11-09 20:14:36 - Request: 
2025-11-09 20:14:36 - Request: 
2025-11-09 20:15:26 - Request: 
2025-11-09 20:15:32 - Request: {"brand_name":"ugreen 170","model":"M185","quantity_available":"10","purchase_date":"2024-09-10","serial_no":"SN12345","su_no":"SU001","remark":"Wireless mouse for office use"}
2025-11-09 20:15:32 - Request: {"id":"","brand_name":"ugreen 170","model":"M185","quantity_available":"10","purchase_date":"2024-09-10","serial_no":"SN12345","su_no":"SU001","remark":"Wireless mouse for office use"}
2025-11-09 20:15:36 - Request: 
2025-11-09 20:15:36 - Request: 
2025-11-09 20:15:54 - Request: 
2025-11-09 20:16:00 - Request: {"brand_name":"ugreen 180","model":"M185","quantity_available":"10","purchase_date":"2024-09-10","serial_no":"SN12345","su_no":"SU001","remark":"Wireless mouse for office use"}
e use"}
2025-11-09 20:16:02 - Request: 
2025-11-09 20:16:02 - Request: 
2025-11-09 20:16:09 - Request: 
2025-11-09 20:16:10 - Request: 
2025-11-09 20:16:13 - Request: 
2025-11-09 20:16:18 - Request: {"brand_name":"ugreen 190","model":"M185","quantity_available":"10","purchase_date":"2024-09-10","serial_no":"SN12345","su_no":"SU001","remark":"Wireless mouse for office use"}
2025-11-09 20:16:18 - Request: {"id":"","brand_name":"ugreen 190","model":"M185","quantity_available":"10","purchase_date":"2024-09-10","serial_no":"SN12345","su_no":"SU001","remark":"Wireless mouse for office use"}
2025-11-09 20:16:21 - Request: 
2025-11-09 20:16:21 - Request: 
2025-11-09 20:16:25 - Request: 
2025-11-09 20:16:26 - Request: 
2025-11-09 20:16:28 - Request: 
2025-11-09 20:16:34 - Request: {"brand_name":"ugreen 200","model":"M185","quantity_available":"10","purchase_date":"2024-09-10","serial_no":"SN12345","su_no":"SU001","remark":"Wireless mouse for office use"}
2025-11-09 20:16:34 - Request: {"id":"","brand_name":"ugreen 200","model":"M185","quantity_available":"10","purchase_date":"2024-09-10","serial_no":"SN12345","su_no":"SU001","remark":"Wireless mouse for office use"}
2025-11-09 20:16:35 - Request: 
2025-11-09 20:16:35 - Request: 
2025-11-09 20:17:25 - Request: 
2025-11-09 20:17:25 - Request: 
2025-11-09 20:17:32 - Request: 
2025-11-09 20:17:35 - Request: 
2025-11-09 20:17:40 - Request: {"brand_name":"ugreen 110","model":"M185","quantity_available":"10","purchase_date":"2024-09-10","serial_no":"SN12345","su_no":"SU001","remark":"Wireless mouse for office use"}
2025-11-09 20:17:42 - Request: 
2025-11-09 20:17:54 - Request: 
2025-11-09 20:18:00 - Request: {"brand_name":"ugreen 120","model":"M185","quantity_available":"10","purchase_date":"2024-09-10","serial_no":"SN12345","su_no":"SU001","remark":"Wireless mouse for office use"}
2025-11-09 20:18:02 - Request: 
2025-11-09 20:22:08 - Request: 
2025-11-09 20:22:08 - Request: 
2025-11-09 20:22:13 - Request: 
2025-11-09 20:22:16 - Request: 
2025-11-09 20:22:23 - Request: {"brand_name":"ugreen 500","model":"M185","quantity_available":"10","purchase_date":"2024-09-10","serial_no":"SN12345","su_no":"SU001","remark":"Wireless mouse for office use"}
2025-11-09 20:22:24 - Request: 
2025-11-09 20:22:29 - Request: 
2025-11-09 20:22:32 - Request: {"brand_name":"ugreen 600","model":"M185","quantity_available":"10","purchase_date":"2024-09-10","serial_no":"SN12345","su_no":"SU001","remark":"Wireless mouse for office use"}
2025-11-09 20:22:34 - Request: 
2025-11-09 20:22:47 - Request: 
2025-11-09 20:22:51 - Request: {"brand_name":"ugreen 700","model":"M185","quantity_available":"10","purchase_date":"2024-09-10","serial_no":"SN12345","su_no":"SU001","remark":"Wireless mouse for office use"}
2025-11-09 20:22:52 - Request: 
2025-11-09 20:22:56 - Request: 
2025-11-09 20:22:57 - Request: 
2025-11-09 20:24:39 - Request: 
2025-11-09 20:24:39 - Request: 
2025-11-09 20:24:48 - Request: 
2025-11-09 20:30:11 - Request: 
2025-11-09 20:30:11 - Request: 
2025-11-09 20:30:19 - Request: 
2025-11-09 20:32:16 - Request: 
2025-11-09 20:32:26 - Request: 
2025-11-09 20:32:30 - Request: {"brand_name":"ugreen 120","model":"M185","quantity_available":"10","purchase_date":"2024-09-10","serial_no":"SN12345","su_no":"SU001","remark":"Wireless mouse for office use"}
2025-11-09 20:32:31 - Request: 
2025-12-09 07:29:41 - Request: 
2025-12-09 07:29:41 - Request: 
2025-12-09 07:29:48 - Request: 
2025-12-09 07:30:04 - Request: {"brand_name":"Logitech","model":"ax","quantity_available":"10","purchase_date":"2025-12-11","serial_no":"axsx","su_no":"axsaxs","remark":"axaxsax"}
2025-12-09 07:30:06 - Request: 
2025-12-09 07:30:10 - Request: 
2025-12-09 07:30:14 - Request: {"brand_name":"Logitech dd","model":"ax","quantity_available":"10","purchase_date":"2025-12-11","serial_no":"axsx","su_no":"axsaxs","remark":"axaxsax"}
2025-12-09 07:30:15 - Request: 
2025-12-09 07:39:51 - Request: 
2025-12-09 07:39:51 - Request: 
2025-12-09 07:39:54 - Request: 
2025-12-09 07:40:03 - Request: 
2025-12-09 07:40:03 - Request: 
2025-12-09 07:40:10 - Request: 
2025-12-09 07:40:10 - Request: 
2025-12-09 07:40:14 - Request: 
2025-12-09 07:40:42 - Request: 
2025-12-09 07:47:23 - Request: 
2025-12-09 07:47:23 - Request: 
2025-12-09 07:47:27 - Request: 
2025-12-09 07:49:21 - Request: 
2025-12-09 07:49:21 - Request: 
2025-12-09 07:49:30 - Request: 
2025-12-09 07:49:30 - Request: 
2025-12-09 07:49:34 - Request: 
2025-12-09 07:50:52 - Request: 
2025-12-09 07:50:52 - Request: 
2025-12-09 07:51:10 - Request: 
2025-12-09 07:52:57 - Request: 
2025-12-09 08:03:28 - Request: 
2025-12-09 08:03:28 - Request: 
2025-12-09 08:03:30 - Request: 
2025-12-09 08:27:33 - Request: 
2025-12-09 08:27:33 - Request: 
2025-12-09 08:29:32 - Request: 
2025-12-09 08:30:02 - Request: 
2025-12-09 08:30:02 - Request: 
2025-12-09 08:30:36 - Request: 
2025-12-09 08:30:36 - Request: 
2025-12-09 08:35:28 - Request: 
2025-12-09 08:43:32 - Request: 
2025-12-09 08:43:32 - Request: 
2025-12-09 08:45:30 - Request: 
